[15.06.2011 15:30:38] MysqlDatasource: Connecting to datasource sms_traffic@mysql.devel.alt1.ru
[15.06.2011 15:30:38] MysqlDatasource: Running query: SET NAMES utf8
[15.06.2011 15:30:38] MysqlDatasource: Running query: ROLLBACK;
[15.06.2011 15:30:38] MysqlDatasource: Shut down connection to devel datasource
[15.06.2011 15:36:45] MysqlDatasource: Connecting to datasource sms_traffic@mysql.devel.alt1.ru
[15.06.2011 15:36:45] MysqlDatasource: Running query: SET NAMES utf8
[15.06.2011 15:36:45] MysqlDatasource: Running query: ROLLBACK;
[15.06.2011 15:36:45] MysqlDatasource: Shut down connection to devel datasource
[15.06.2011 15:36:45] MysqlDatasource: Connecting to datasource sms_traffic@mysql.devel.alt1.ru
[15.06.2011 15:36:45] MysqlDatasource: Running query: SET NAMES utf8
[15.06.2011 15:36:45] MysqlDatasource: Running query: ROLLBACK;
[15.06.2011 15:36:45] MysqlDatasource: Shut down connection to devel datasource
[15.06.2011 15:36:46] MysqlDatasource: Connecting to datasource sms_traffic@mysql.devel.alt1.ru
[15.06.2011 15:36:46] MysqlDatasource: Running query: SET NAMES utf8
[15.06.2011 15:36:46] MysqlDatasource: Running query: ROLLBACK;
[15.06.2011 15:36:46] MysqlDatasource: Shut down connection to devel datasource
[16.08.2011 10:14:05] PgsqlDatasource: Connecting to datasource postgres@database1.stand
[16.08.2011 10:14:06] PgsqlDatasource: Running query: select * from "pages" where id = 3
[16.08.2011 10:14:06] PgsqlDatasource: Running query: ROLLBACK;
[16.08.2011 10:14:06] PgsqlDatasource: Shut down connection to devel datasource
[16.08.2011 10:15:50] PgsqlDatasource: Connecting to datasource postgres@database1.stand
[16.08.2011 10:15:50] PgsqlDatasource: Running query: select * from "pages" where id = 3
[16.08.2011 10:15:50] PgsqlDatasource: Running query: ROLLBACK;
[16.08.2011 10:15:50] PgsqlDatasource: Shut down connection to devel datasource
[16.08.2011 10:27:03] PgsqlDatasource: Connecting to datasource postgres@database1.stand
[16.08.2011 10:27:03] PgsqlDatasource: Running query: select * from "pages" where id = 3
[16.08.2011 10:27:03] PgsqlDatasource: Running query: ROLLBACK;
[16.08.2011 10:27:03] PgsqlDatasource: Shut down connection to devel datasource
[16.08.2011 12:42:40] PgsqlDatasource: Connecting to datasource postgres@database1.stand
[16.08.2011 12:42:40] PgsqlDatasource: Running query: select * from "pages" where id = 1
[16.08.2011 12:42:40] PgsqlDatasource: Running query: ROLLBACK;
[16.08.2011 12:42:40] PgsqlDatasource: Shut down connection to devel datasource
[16.08.2011 12:42:51] PgsqlDatasource: Connecting to datasource postgres@database1.stand
[16.08.2011 12:42:51] PgsqlDatasource: Running query: select * from "pages" where id = 2
[16.08.2011 12:42:51] PgsqlDatasource: Running query: ROLLBACK;
[16.08.2011 12:42:51] PgsqlDatasource: Shut down connection to devel datasource
[16.08.2011 12:43:02] PgsqlDatasource: Connecting to datasource postgres@database1.stand
[16.08.2011 12:43:02] PgsqlDatasource: Running query: select * from "pages" where id = 4
[16.08.2011 12:43:02] PgsqlDatasource: Running query: ROLLBACK;
[16.08.2011 12:43:02] PgsqlDatasource: Shut down connection to devel datasource
[16.08.2011 16:07:16] PgsqlDatasource: Connecting to datasource postgres@database1.stand
[16.08.2011 16:07:16] PgsqlDatasource: Running query: select * from "pages" where id = 1
[16.08.2011 16:07:16] PgsqlDatasource: Running query: ROLLBACK;
[16.08.2011 16:07:16] PgsqlDatasource: Shut down connection to devel datasource
[16.08.2011 16:07:25] PgsqlDatasource: Connecting to datasource postgres@database1.stand
[16.08.2011 16:07:25] PgsqlDatasource: Running query: select * from "pages" where id = 2
[16.08.2011 16:07:25] PgsqlDatasource: Running query: ROLLBACK;
[16.08.2011 16:07:25] PgsqlDatasource: Shut down connection to devel datasource
[16.08.2011 16:07:43] PgsqlDatasource: Connecting to datasource postgres@database1.stand
[16.08.2011 16:07:43] PgsqlDatasource: Running query: select * from "pages" where id = 2
[16.08.2011 16:07:43] PgsqlDatasource: Running query: ROLLBACK;
[16.08.2011 16:07:43] PgsqlDatasource: Shut down connection to devel datasource
[16.08.2011 16:07:56] PgsqlDatasource: Connecting to datasource postgres@database1.stand
[16.08.2011 16:07:56] PgsqlDatasource: Running query: select * from "pages" where id = 1
[16.08.2011 16:07:56] PgsqlDatasource: Running query: ROLLBACK;
[16.08.2011 16:07:56] PgsqlDatasource: Shut down connection to devel datasource
[16.08.2011 16:12:23] PgsqlDatasource: Connecting to datasource postgres@database1.stand
[16.08.2011 16:12:23] PgsqlDatasource: Running query: select * from "pages" where id = 1
[16.08.2011 16:12:23] PgsqlDatasource: Running query: ROLLBACK;
[16.08.2011 16:12:23] PgsqlDatasource: Shut down connection to devel datasource
[16.08.2011 16:19:30] PgsqlDatasource: Connecting to datasource postgres@database1.stand
[16.08.2011 16:19:30] PgsqlDatasource: Running query: select * from "pages" where id = 1
[16.08.2011 16:19:30] PgsqlDatasource: Running query: ROLLBACK;
[16.08.2011 16:19:30] PgsqlDatasource: Shut down connection to devel datasource
[16.08.2011 16:20:11] PgsqlDatasource: Connecting to datasource postgres@database1.stand
[16.08.2011 16:20:11] PgsqlDatasource: Running query: select * from "pages" where id = 1
[16.08.2011 16:20:11] PgsqlDatasource: Running query: ROLLBACK;
[16.08.2011 16:20:11] PgsqlDatasource: Shut down connection to devel datasource
[16.08.2011 16:20:22] PgsqlDatasource: Connecting to datasource postgres@database1.stand
[16.08.2011 16:20:22] PgsqlDatasource: Running query: select * from "pages" where id = 1
[16.08.2011 16:20:22] PgsqlDatasource: Running query: ROLLBACK;
[16.08.2011 16:20:22] PgsqlDatasource: Shut down connection to devel datasource
[16.08.2011 16:20:33] PgsqlDatasource: Connecting to datasource postgres@database1.stand
[16.08.2011 16:20:33] PgsqlDatasource: Running query: select * from "pages" where id = 1
[16.08.2011 16:20:33] PgsqlDatasource: Running query: ROLLBACK;
[16.08.2011 16:20:33] PgsqlDatasource: Shut down connection to devel datasource
[16.08.2011 16:20:44] PgsqlDatasource: Connecting to datasource postgres@database1.stand
[16.08.2011 16:20:44] PgsqlDatasource: Running query: select * from "pages" where id = 1
[16.08.2011 16:20:44] PgsqlDatasource: Running query: ROLLBACK;
[16.08.2011 16:20:44] PgsqlDatasource: Shut down connection to devel datasource
[16.08.2011 16:24:09] PgsqlDatasource: Connecting to datasource postgres@database1.stand
[16.08.2011 16:24:09] PgsqlDatasource: Running query: select * from "pages" where id = 2
[16.08.2011 16:24:09] PgsqlDatasource: Running query: ROLLBACK;
[16.08.2011 16:24:09] PgsqlDatasource: Shut down connection to devel datasource
[16.08.2011 16:24:20] PgsqlDatasource: Connecting to datasource postgres@database1.stand
[16.08.2011 16:24:20] PgsqlDatasource: Running query: select * from "pages" where id = 2
[16.08.2011 16:24:20] PgsqlDatasource: Running query: ROLLBACK;
[16.08.2011 16:24:20] PgsqlDatasource: Shut down connection to devel datasource
[16.08.2011 16:24:31] PgsqlDatasource: Connecting to datasource postgres@database1.stand
[16.08.2011 16:24:31] PgsqlDatasource: Connecting to datasource postgres@database1.stand
[16.08.2011 16:24:31] PgsqlDatasource: Connecting to datasource postgres@database1.stand
[16.08.2011 16:24:31] PgsqlDatasource: Running query: select * from "pages" where id = 2
[16.08.2011 16:24:31] PgsqlDatasource: Running query: select * from "pages" where id = 2
[16.08.2011 16:24:31] PgsqlDatasource: Running query: ROLLBACK;
[16.08.2011 16:24:31] PgsqlDatasource: Shut down connection to devel datasource
[16.08.2011 16:24:31] PgsqlDatasource: Running query: ROLLBACK;
[16.08.2011 16:24:31] PgsqlDatasource: Shut down connection to devel datasource
[16.08.2011 16:24:31] PgsqlDatasource: Running query: select * from "pages" where id = 2
[16.08.2011 16:24:31] PgsqlDatasource: Running query: ROLLBACK;
[16.08.2011 16:24:31] PgsqlDatasource: Shut down connection to devel datasource
[16.08.2011 16:24:42] PgsqlDatasource: Connecting to datasource postgres@database1.stand
[16.08.2011 16:24:42] PgsqlDatasource: Running query: select * from "pages" where id = 2
[16.08.2011 16:24:42] PgsqlDatasource: Running query: ROLLBACK;
[16.08.2011 16:24:42] PgsqlDatasource: Shut down connection to devel datasource
[16.08.2011 16:39:53] PgsqlDatasource: Connecting to datasource postgres@database1.stand
[16.08.2011 16:39:53] PgsqlDatasource: Running query: select * from "pages" where id = 1
[16.08.2011 16:39:53] PgsqlDatasource: Running query: ROLLBACK;
[16.08.2011 16:39:53] PgsqlDatasource: Shut down connection to devel datasource
[16.08.2011 16:40:04] PgsqlDatasource: Connecting to datasource postgres@database1.stand
[16.08.2011 16:40:04] PgsqlDatasource: Connecting to datasource postgres@database1.stand
[16.08.2011 16:40:04] PgsqlDatasource: Connecting to datasource postgres@database1.stand
[16.08.2011 16:40:04] PgsqlDatasource: Connecting to datasource postgres@database1.stand
[16.08.2011 16:40:04] PgsqlDatasource: Running query: select * from "pages" where id = 1
[16.08.2011 16:40:04] PgsqlDatasource: Running query: select * from "pages" where id = 1
[16.08.2011 16:40:04] PgsqlDatasource: Running query: select * from "pages" where id = 1
[16.08.2011 16:40:04] PgsqlDatasource: Running query: ROLLBACK;
[16.08.2011 16:40:04] PgsqlDatasource: Running query: ROLLBACK;
[16.08.2011 16:40:04] PgsqlDatasource: Running query: ROLLBACK;
[16.08.2011 16:40:04] PgsqlDatasource: Shut down connection to devel datasource
[16.08.2011 16:40:04] PgsqlDatasource: Shut down connection to devel datasource
[16.08.2011 16:40:04] PgsqlDatasource: Shut down connection to devel datasource
[16.08.2011 16:40:04] PgsqlDatasource: Running query: select * from "pages" where id = 1
[16.08.2011 16:40:04] PgsqlDatasource: Running query: ROLLBACK;
[16.08.2011 16:40:04] PgsqlDatasource: Shut down connection to devel datasource
[16.08.2011 16:40:15] PgsqlDatasource: Connecting to datasource postgres@database1.stand
[16.08.2011 16:40:15] PgsqlDatasource: Connecting to datasource postgres@database1.stand
[16.08.2011 16:40:15] PgsqlDatasource: Connecting to datasource postgres@database1.stand
[16.08.2011 16:40:15] PgsqlDatasource: Running query: select * from "pages" where id = 1
[16.08.2011 16:40:15] PgsqlDatasource: Running query: ROLLBACK;
[16.08.2011 16:40:15] PgsqlDatasource: Connecting to datasource postgres@database1.stand
[16.08.2011 16:40:15] PgsqlDatasource: Running query: select * from "pages" where id = 1
[16.08.2011 16:40:15] PgsqlDatasource: Running query: ROLLBACK;
[16.08.2011 16:40:15] PgsqlDatasource: Running query: select * from "pages" where id = 1
[16.08.2011 16:40:15] PgsqlDatasource: Shut down connection to devel datasource
[16.08.2011 16:40:15] PgsqlDatasource: Running query: select * from "pages" where id = 1
[16.08.2011 16:40:15] PgsqlDatasource: Running query: ROLLBACK;
[16.08.2011 16:40:15] PgsqlDatasource: Shut down connection to devel datasource
[16.08.2011 16:40:15] PgsqlDatasource: Running query: ROLLBACK;
[16.08.2011 16:40:15] PgsqlDatasource: Shut down connection to devel datasource
[16.08.2011 16:40:20] PgsqlDatasource: Shut down connection to devel datasource
[16.08.2011 16:40:26] PgsqlDatasource: Connecting to datasource postgres@database1.stand
[16.08.2011 16:40:26] PgsqlDatasource: Connecting to datasource postgres@database1.stand
[16.08.2011 16:40:26] PgsqlDatasource: Connecting to datasource postgres@database1.stand
[16.08.2011 16:40:26] PgsqlDatasource: Running query: select * from "pages" where id = 1
[16.08.2011 16:40:26] PgsqlDatasource: Connecting to datasource postgres@database1.stand
[16.08.2011 16:40:26] PgsqlDatasource: Connecting to datasource postgres@database1.stand
[16.08.2011 16:40:26] PgsqlDatasource: Connecting to datasource postgres@database1.stand
[16.08.2011 16:40:26] PgsqlDatasource: Running query: ROLLBACK;
[16.08.2011 16:40:26] PgsqlDatasource: Running query: select * from "pages" where id = 1
[16.08.2011 16:40:26] PgsqlDatasource: Shut down connection to devel datasource
[16.08.2011 16:40:26] PgsqlDatasource: Running query: select * from "pages" where id = 1
[16.08.2011 16:40:26] PgsqlDatasource: Running query: ROLLBACK;
[16.08.2011 16:40:26] PgsqlDatasource: Running query: ROLLBACK;
[16.08.2011 16:40:26] PgsqlDatasource: Running query: select * from "pages" where id = 1
[16.08.2011 16:40:26] PgsqlDatasource: Shut down connection to devel datasource
[16.08.2011 16:40:26] PgsqlDatasource: Shut down connection to devel datasource
[16.08.2011 16:40:26] PgsqlDatasource: Running query: ROLLBACK;
[16.08.2011 16:40:26] PgsqlDatasource: Shut down connection to devel datasource
[16.08.2011 16:40:31] PgsqlDatasource: Running query: select * from "pages" where id = 1
[16.08.2011 16:40:31] PgsqlDatasource: Running query: select * from "pages" where id = 1
[16.08.2011 16:40:31] PgsqlDatasource: Running query: ROLLBACK;
[16.08.2011 16:40:31] PgsqlDatasource: Shut down connection to devel datasource
[16.08.2011 16:40:31] PgsqlDatasource: Running query: ROLLBACK;
[16.08.2011 16:40:31] PgsqlDatasource: Shut down connection to devel datasource
[16.08.2011 16:40:42] PgsqlDatasource: Connecting to datasource postgres@database1.stand
[16.08.2011 16:40:42] PgsqlDatasource: Connecting to datasource postgres@database1.stand
[16.08.2011 16:40:42] PgsqlDatasource: Connecting to datasource postgres@database1.stand
[16.08.2011 16:40:42] PgsqlDatasource: Connecting to datasource postgres@database1.stand
[16.08.2011 16:40:42] PgsqlDatasource: Connecting to datasource postgres@database1.stand
[16.08.2011 16:40:42] PgsqlDatasource: Running query: select * from "pages" where id = 1
[16.08.2011 16:40:42] PgsqlDatasource: Running query: select * from "pages" where id = 1
[16.08.2011 16:40:42] PgsqlDatasource: Running query: ROLLBACK;
[16.08.2011 16:40:42] PgsqlDatasource: Running query: ROLLBACK;
[16.08.2011 16:40:42] PgsqlDatasource: Running query: select * from "pages" where id = 1
[16.08.2011 16:40:42] PgsqlDatasource: Running query: ROLLBACK;
[16.08.2011 16:40:42] PgsqlDatasource: Shut down connection to devel datasource
[16.08.2011 16:40:53] PgsqlDatasource: Connecting to datasource postgres@database1.stand
[16.08.2011 16:40:53] PgsqlDatasource: Connecting to datasource postgres@database1.stand
[16.08.2011 16:40:53] PgsqlDatasource: Connecting to datasource postgres@database1.stand
[16.08.2011 16:40:53] PgsqlDatasource: Running query: select * from "pages" where id = 1
[16.08.2011 16:40:53] PgsqlDatasource: Running query: ROLLBACK;
[16.08.2011 16:40:53] PgsqlDatasource: Connecting to datasource postgres@database1.stand
[16.08.2011 16:40:53] PgsqlDatasource: Running query: select * from "pages" where id = 1
[16.08.2011 16:40:53] PgsqlDatasource: Shut down connection to devel datasource
[16.08.2011 16:40:53] PgsqlDatasource: Running query: ROLLBACK;
[16.08.2011 16:40:53] PgsqlDatasource: Running query: select * from "pages" where id = 1
[16.08.2011 16:40:53] PgsqlDatasource: Running query: select * from "pages" where id = 1
[16.08.2011 16:40:53] PgsqlDatasource: Shut down connection to devel datasource
[16.08.2011 16:40:53] PgsqlDatasource: Running query: ROLLBACK;
[16.08.2011 16:40:53] PgsqlDatasource: Running query: ROLLBACK;
[16.08.2011 16:40:53] PgsqlDatasource: Shut down connection to devel datasource
[16.08.2011 16:40:53] PgsqlDatasource: Shut down connection to devel datasource
[16.08.2011 16:41:04] PgsqlDatasource: Connecting to datasource postgres@database1.stand
[16.08.2011 16:41:04] PgsqlDatasource: Connecting to datasource postgres@database1.stand
[16.08.2011 16:41:04] PgsqlDatasource: Running query: select * from "pages" where id = 1
[16.08.2011 16:41:04] PgsqlDatasource: Connecting to datasource postgres@database1.stand
[16.08.2011 16:41:04] PgsqlDatasource: Connecting to datasource postgres@database1.stand
[16.08.2011 16:41:04] PgsqlDatasource: Running query: ROLLBACK;
[16.08.2011 16:41:04] PgsqlDatasource: Shut down connection to devel datasource
[16.08.2011 16:41:04] PgsqlDatasource: Running query: select * from "pages" where id = 1
[16.08.2011 16:41:04] PgsqlDatasource: Running query: select * from "pages" where id = 1
[16.08.2011 16:41:04] PgsqlDatasource: Running query: ROLLBACK;
[16.08.2011 16:41:04] PgsqlDatasource: Running query: select * from "pages" where id = 1
[16.08.2011 16:41:04] PgsqlDatasource: Shut down connection to devel datasource
[16.08.2011 16:41:04] PgsqlDatasource: Running query: ROLLBACK;
[16.08.2011 16:41:04] PgsqlDatasource: Running query: ROLLBACK;
[16.08.2011 16:41:04] PgsqlDatasource: Shut down connection to devel datasource
[16.08.2011 16:41:04] PgsqlDatasource: Shut down connection to devel datasource
[16.08.2011 16:41:07] PgsqlDatasource: Running query: select * from "pages" where id = 1
[16.08.2011 16:41:07] PgsqlDatasource: Shut down connection to devel datasource
[16.08.2011 16:41:07] PgsqlDatasource: Shut down connection to devel datasource
[16.08.2011 16:41:07] PgsqlDatasource: Running query: select * from "pages" where id = 1
[16.08.2011 16:41:07] PgsqlDatasource: Running query: ROLLBACK;
[16.08.2011 16:41:07] PgsqlDatasource: Shut down connection to devel datasource
[16.08.2011 16:41:07] PgsqlDatasource: Running query: ROLLBACK;
[16.08.2011 16:41:07] PgsqlDatasource: Shut down connection to devel datasource
[16.08.2011 16:41:18] PgsqlDatasource: Connecting to datasource postgres@database1.stand
[16.08.2011 16:41:18] PgsqlDatasource: Connecting to datasource postgres@database1.stand
[16.08.2011 16:41:18] PgsqlDatasource: Running query: select * from "pages" where id = 1
[16.08.2011 16:41:18] PgsqlDatasource: Connecting to datasource postgres@database1.stand
[16.08.2011 16:41:18] PgsqlDatasource: Running query: ROLLBACK;
[16.08.2011 16:41:18] PgsqlDatasource: Connecting to datasource postgres@database1.stand
[16.08.2011 16:41:18] PgsqlDatasource: Running query: select * from "pages" where id = 1
[16.08.2011 16:41:18] PgsqlDatasource: Shut down connection to devel datasource
[16.08.2011 16:41:18] PgsqlDatasource: Running query: select * from "pages" where id = 1
[16.08.2011 16:41:18] PgsqlDatasource: Running query: ROLLBACK;
[16.08.2011 16:41:18] PgsqlDatasource: Shut down connection to devel datasource
[16.08.2011 16:41:18] PgsqlDatasource: Running query: select * from "pages" where id = 1
[16.08.2011 16:41:18] PgsqlDatasource: Running query: ROLLBACK;
[16.08.2011 16:41:18] PgsqlDatasource: Shut down connection to devel datasource
[16.08.2011 16:41:18] PgsqlDatasource: Running query: ROLLBACK;
[16.08.2011 16:41:18] PgsqlDatasource: Shut down connection to devel datasource
[16.08.2011 16:41:29] PgsqlDatasource: Connecting to datasource postgres@database1.stand
[16.08.2011 16:41:29] PgsqlDatasource: Connecting to datasource postgres@database1.stand
[16.08.2011 16:41:29] PgsqlDatasource: Connecting to datasource postgres@database1.stand
[16.08.2011 16:41:29] PgsqlDatasource: Running query: select * from "pages" where id = 1
[16.08.2011 16:41:29] PgsqlDatasource: Connecting to datasource postgres@database1.stand
[16.08.2011 16:41:29] PgsqlDatasource: Connecting to datasource postgres@database1.stand
[16.08.2011 16:41:29] PgsqlDatasource: Running query: ROLLBACK;
[16.08.2011 16:41:29] PgsqlDatasource: Running query: select * from "pages" where id = 1
[16.08.2011 16:41:29] PgsqlDatasource: Shut down connection to devel datasource
[16.08.2011 16:41:29] PgsqlDatasource: Running query: select * from "pages" where id = 1
[16.08.2011 16:41:29] PgsqlDatasource: Running query: ROLLBACK;
[16.08.2011 16:41:29] PgsqlDatasource: Running query: select * from "pages" where id = 1
[16.08.2011 16:41:29] PgsqlDatasource: Shut down connection to devel datasource
[16.08.2011 16:41:29] PgsqlDatasource: Running query: ROLLBACK;
[16.08.2011 16:41:29] PgsqlDatasource: Running query: ROLLBACK;
[16.08.2011 16:41:29] PgsqlDatasource: Running query: select * from "pages" where id = 1
[16.08.2011 16:41:29] PgsqlDatasource: Shut down connection to devel datasource
[16.08.2011 16:41:29] PgsqlDatasource: Shut down connection to devel datasource
[16.08.2011 16:41:29] PgsqlDatasource: Running query: ROLLBACK;
[16.08.2011 16:41:29] PgsqlDatasource: Shut down connection to devel datasource
[16.08.2011 16:45:09] PgsqlDatasource: Connecting to datasource postgres@database1.stand
[16.08.2011 16:45:10] PgsqlDatasource: Running query: select * from "pages" where id = 1
[16.08.2011 16:45:10] PgsqlDatasource: Running query: ROLLBACK;
[16.08.2011 16:45:10] PgsqlDatasource: Shut down connection to devel datasource
[16.08.2011 16:45:21] PgsqlDatasource: Connecting to datasource postgres@database1.stand
[16.08.2011 16:45:21] PgsqlDatasource: Running query: select * from "pages" where id = 1
[16.08.2011 16:45:21] PgsqlDatasource: Connecting to datasource postgres@database1.stand
[16.08.2011 16:45:21] PgsqlDatasource: Running query: select * from "pages" where id = 1
[16.08.2011 16:45:21] PgsqlDatasource: Connecting to datasource postgres@database1.stand
[16.08.2011 16:45:22] PgsqlDatasource: Running query: ROLLBACK;
[16.08.2011 16:45:22] PgsqlDatasource: Running query: ROLLBACK;
[16.08.2011 16:45:22] PgsqlDatasource: Shut down connection to devel datasource
[16.08.2011 16:45:22] PgsqlDatasource: Shut down connection to devel datasource
[16.08.2011 16:45:22] PgsqlDatasource: Running query: select * from "pages" where id = 1
[16.08.2011 16:45:22] PgsqlDatasource: Running query: ROLLBACK;
[16.08.2011 16:45:22] PgsqlDatasource: Shut down connection to devel datasource
[16.08.2011 16:45:36] PgsqlDatasource: Connecting to datasource postgres@database1.stand
[16.08.2011 16:45:36] PgsqlDatasource: Connecting to datasource postgres@database1.stand
[16.08.2011 16:45:36] PgsqlDatasource: Connecting to datasource postgres@database1.stand
[16.08.2011 16:45:37] PgsqlDatasource: Connecting to datasource postgres@database1.stand
[16.08.2011 16:45:37] PgsqlDatasource: Running query: select * from "pages" where id = 1
[16.08.2011 16:45:37] PgsqlDatasource: Running query: ROLLBACK;
[16.08.2011 16:45:37] PgsqlDatasource: Connecting to datasource postgres@database1.stand
[16.08.2011 16:45:37] PgsqlDatasource: Connecting to datasource postgres@database1.stand
[16.08.2011 16:45:38] PgsqlDatasource: Running query: select * from "pages" where id = 1
[16.08.2011 16:45:38] PgsqlDatasource: Running query: ROLLBACK;
[16.08.2011 16:45:38] PgsqlDatasource: Shut down connection to devel datasource
[16.08.2011 16:45:44] PgsqlDatasource: Shut down connection to devel datasource
[16.08.2011 16:45:44] PgsqlDatasource: Running query: select * from "pages" where id = 1
[16.08.2011 16:45:44] PgsqlDatasource: Running query: ROLLBACK;
[16.08.2011 16:45:45] PgsqlDatasource: Shut down connection to devel datasource
[16.08.2011 16:45:45] PgsqlDatasource: Running query: select * from "pages" where id = 1
[16.08.2011 16:45:45] PgsqlDatasource: Running query: select * from "pages" where id = 1
[16.08.2011 16:45:45] PgsqlDatasource: Running query: select * from "pages" where id = 1
[16.08.2011 16:45:45] PgsqlDatasource: Running query: ROLLBACK;
[16.08.2011 16:45:45] PgsqlDatasource: Shut down connection to devel datasource
[16.08.2011 16:45:45] PgsqlDatasource: Running query: ROLLBACK;
[16.08.2011 16:45:46] PgsqlDatasource: Connecting to datasource postgres@database1.stand
[16.08.2011 16:45:46] PgsqlDatasource: Shut down connection to devel datasource
[16.08.2011 16:45:47] PgsqlDatasource: Running query: select * from "pages" where id = 1
[16.08.2011 16:45:47] PgsqlDatasource: Running query: ROLLBACK;
[16.08.2011 16:45:47] PgsqlDatasource: Shut down connection to devel datasource
[16.08.2011 16:45:53] PgsqlDatasource: Running query: ROLLBACK;
[16.08.2011 16:45:53] PgsqlDatasource: Shut down connection to devel datasource
[16.08.2011 16:45:53] PgsqlDatasource: Connecting to datasource postgres@database1.stand
[16.08.2011 16:45:54] PgsqlDatasource: Running query: select * from "pages" where id = 1
[16.08.2011 16:45:54] PgsqlDatasource: Running query: ROLLBACK;
[16.08.2011 16:45:54] PgsqlDatasource: Shut down connection to devel datasource
[16.08.2011 16:46:05] PgsqlDatasource: Connecting to datasource postgres@database1.stand
[16.08.2011 16:46:05] PgsqlDatasource: Connecting to datasource postgres@database1.stand
[16.08.2011 16:46:05] PgsqlDatasource: Running query: select * from "pages" where id = 1
[16.08.2011 16:46:05] PgsqlDatasource: Connecting to datasource postgres@database1.stand
[16.08.2011 16:46:05] PgsqlDatasource: Running query: select * from "pages" where id = 1
[16.08.2011 16:46:05] PgsqlDatasource: Running query: ROLLBACK;
[16.08.2011 16:46:05] PgsqlDatasource: Shut down connection to devel datasource
[16.08.2011 16:46:06] PgsqlDatasource: Running query: ROLLBACK;
[16.08.2011 16:46:06] PgsqlDatasource: Running query: select * from "pages" where id = 1
[16.08.2011 16:46:06] PgsqlDatasource: Running query: ROLLBACK;
[16.08.2011 16:46:06] PgsqlDatasource: Shut down connection to devel datasource
[16.08.2011 16:46:06] PgsqlDatasource: Shut down connection to devel datasource
[16.08.2011 16:46:17] PgsqlDatasource: Connecting to datasource postgres@database1.stand
[16.08.2011 16:46:17] PgsqlDatasource: Running query: select * from "pages" where id = 1
[16.08.2011 16:46:17] PgsqlDatasource: Running query: ROLLBACK;
[16.08.2011 16:46:18] PgsqlDatasource: Shut down connection to devel datasource
[16.08.2011 16:46:18] PgsqlDatasource: Connecting to datasource postgres@database1.stand
[16.08.2011 16:46:18] PgsqlDatasource: Running query: select * from "pages" where id = 1
[16.08.2011 16:46:18] PgsqlDatasource: Running query: ROLLBACK;
[16.08.2011 16:46:18] PgsqlDatasource: Shut down connection to devel datasource
[16.08.2011 16:46:29] PgsqlDatasource: Connecting to datasource postgres@database1.stand
[16.08.2011 16:46:29] PgsqlDatasource: Connecting to datasource postgres@database1.stand
[16.08.2011 16:46:29] PgsqlDatasource: Running query: select * from "pages" where id = 1
[16.08.2011 16:46:29] PgsqlDatasource: Running query: ROLLBACK;
[16.08.2011 16:46:29] PgsqlDatasource: Shut down connection to devel datasource
[16.08.2011 16:46:29] PgsqlDatasource: Running query: select * from "pages" where id = 1
[16.08.2011 16:46:29] PgsqlDatasource: Running query: ROLLBACK;
[16.08.2011 16:46:29] PgsqlDatasource: Shut down connection to devel datasource
[16.08.2011 16:46:40] PgsqlDatasource: Connecting to datasource postgres@database1.stand
[16.08.2011 16:46:40] PgsqlDatasource: Running query: select * from "pages" where id = 1
[16.08.2011 16:46:40] PgsqlDatasource: Connecting to datasource postgres@database1.stand
[16.08.2011 16:46:40] PgsqlDatasource: Running query: ROLLBACK;
[16.08.2011 16:46:40] PgsqlDatasource: Shut down connection to devel datasource
[16.08.2011 16:46:40] PgsqlDatasource: Running query: select * from "pages" where id = 1
[16.08.2011 16:46:41] PgsqlDatasource: Running query: ROLLBACK;
[16.08.2011 16:46:41] PgsqlDatasource: Shut down connection to devel datasource
[16.08.2011 16:46:52] PgsqlDatasource: Connecting to datasource postgres@database1.stand
[16.08.2011 16:46:52] PgsqlDatasource: Running query: select * from "pages" where id = 1
[16.08.2011 16:46:52] PgsqlDatasource: Connecting to datasource postgres@database1.stand
[16.08.2011 16:46:52] PgsqlDatasource: Running query: ROLLBACK;
[16.08.2011 16:46:52] PgsqlDatasource: Shut down connection to devel datasource
[16.08.2011 16:46:52] PgsqlDatasource: Running query: select * from "pages" where id = 1
[16.08.2011 16:46:52] PgsqlDatasource: Running query: ROLLBACK;
[16.08.2011 16:46:53] PgsqlDatasource: Shut down connection to devel datasource
[16.08.2011 16:47:03] PgsqlDatasource: Connecting to datasource postgres@database1.stand
[16.08.2011 16:47:03] PgsqlDatasource: Running query: select * from "pages" where id = 1
[16.08.2011 16:47:03] PgsqlDatasource: Running query: ROLLBACK;
[16.08.2011 16:47:03] PgsqlDatasource: Shut down connection to devel datasource
[16.08.2011 16:47:14] PgsqlDatasource: Connecting to datasource postgres@database1.stand
[16.08.2011 16:47:14] PgsqlDatasource: Running query: select * from "pages" where id = 1
[16.08.2011 16:47:14] PgsqlDatasource: Running query: ROLLBACK;
[16.08.2011 16:47:14] PgsqlDatasource: Shut down connection to devel datasource
[16.08.2011 16:47:25] PgsqlDatasource: Connecting to datasource postgres@database1.stand
[16.08.2011 16:47:25] PgsqlDatasource: Running query: select * from "pages" where id = 1
[16.08.2011 16:47:25] PgsqlDatasource: Running query: ROLLBACK;
[16.08.2011 16:47:25] PgsqlDatasource: Shut down connection to devel datasource
[16.08.2011 16:47:36] PgsqlDatasource: Connecting to datasource postgres@database1.stand
[16.08.2011 16:47:36] PgsqlDatasource: Running query: select * from "pages" where id = 1
[16.08.2011 16:47:36] PgsqlDatasource: Connecting to datasource postgres@database1.stand
[16.08.2011 16:47:36] PgsqlDatasource: Running query: ROLLBACK;
[16.08.2011 16:47:36] PgsqlDatasource: Shut down connection to devel datasource
[16.08.2011 16:47:37] PgsqlDatasource: Running query: select * from "pages" where id = 1
[16.08.2011 16:47:37] PgsqlDatasource: Running query: ROLLBACK;
[16.08.2011 16:47:37] PgsqlDatasource: Shut down connection to devel datasource
[16.08.2011 16:47:48] PgsqlDatasource: Connecting to datasource postgres@database1.stand
[16.08.2011 16:47:48] PgsqlDatasource: Running query: select * from "pages" where id = 1
[16.08.2011 16:47:48] PgsqlDatasource: Running query: ROLLBACK;
[16.08.2011 16:47:48] PgsqlDatasource: Shut down connection to devel datasource
[16.08.2011 16:47:59] PgsqlDatasource: Connecting to datasource postgres@database1.stand
[16.08.2011 16:47:59] PgsqlDatasource: Connecting to datasource postgres@database1.stand
[16.08.2011 16:47:59] PgsqlDatasource: Running query: select * from "pages" where id = 1
[16.08.2011 16:47:59] PgsqlDatasource: Connecting to datasource postgres@database1.stand
[16.08.2011 16:47:59] PgsqlDatasource: Running query: select * from "pages" where id = 1
[16.08.2011 16:47:59] PgsqlDatasource: Running query: ROLLBACK;
[16.08.2011 16:47:59] PgsqlDatasource: Shut down connection to devel datasource
[16.08.2011 16:47:59] PgsqlDatasource: Running query: ROLLBACK;
[16.08.2011 16:47:59] PgsqlDatasource: Shut down connection to devel datasource
[16.08.2011 16:47:59] PgsqlDatasource: Running query: select * from "pages" where id = 1
[16.08.2011 16:48:00] PgsqlDatasource: Running query: ROLLBACK;
[16.08.2011 16:48:00] PgsqlDatasource: Shut down connection to devel datasource
[16.08.2011 16:48:11] PgsqlDatasource: Connecting to datasource postgres@database1.stand
[16.08.2011 16:48:11] PgsqlDatasource: Connecting to datasource postgres@database1.stand
[16.08.2011 16:48:11] PgsqlDatasource: Running query: select * from "pages" where id = 1
[16.08.2011 16:48:11] PgsqlDatasource: Connecting to datasource postgres@database1.stand
[16.08.2011 16:48:11] PgsqlDatasource: Running query: select * from "pages" where id = 1
[16.08.2011 16:48:11] PgsqlDatasource: Running query: ROLLBACK;
[16.08.2011 16:48:11] PgsqlDatasource: Shut down connection to devel datasource
[16.08.2011 16:48:12] PgsqlDatasource: Running query: ROLLBACK;
[16.08.2011 16:48:12] PgsqlDatasource: Running query: select * from "pages" where id = 1
[16.08.2011 16:48:12] PgsqlDatasource: Running query: ROLLBACK;
[16.08.2011 16:48:12] PgsqlDatasource: Shut down connection to devel datasource
[16.08.2011 16:48:12] PgsqlDatasource: Shut down connection to devel datasource
[16.08.2011 16:48:23] PgsqlDatasource: Connecting to datasource postgres@database1.stand
[16.08.2011 16:48:23] PgsqlDatasource: Connecting to datasource postgres@database1.stand
[16.08.2011 16:48:23] PgsqlDatasource: Running query: select * from "pages" where id = 1
[16.08.2011 16:48:23] PgsqlDatasource: Running query: select * from "pages" where id = 1
[16.08.2011 16:48:23] PgsqlDatasource: Connecting to datasource postgres@database1.stand
[16.08.2011 16:48:23] PgsqlDatasource: Running query: ROLLBACK;
[16.08.2011 16:48:23] PgsqlDatasource: Shut down connection to devel datasource
[16.08.2011 16:48:23] PgsqlDatasource: Running query: ROLLBACK;
[16.08.2011 16:48:23] PgsqlDatasource: Shut down connection to devel datasource
[16.08.2011 16:48:24] PgsqlDatasource: Running query: select * from "pages" where id = 1
[16.08.2011 16:48:24] PgsqlDatasource: Running query: ROLLBACK;
[16.08.2011 16:48:24] PgsqlDatasource: Shut down connection to devel datasource
[16.08.2011 16:48:35] PgsqlDatasource: Connecting to datasource postgres@database1.stand
[16.08.2011 16:48:35] PgsqlDatasource: Running query: select * from "pages" where id = 1
[16.08.2011 16:48:35] PgsqlDatasource: Running query: ROLLBACK;
[16.08.2011 16:48:35] PgsqlDatasource: Shut down connection to devel datasource
[16.08.2011 16:48:47] PgsqlDatasource: Connecting to datasource postgres@database1.stand
[16.08.2011 16:48:47] PgsqlDatasource: Running query: select * from "pages" where id = 1
[16.08.2011 16:48:47] PgsqlDatasource: Running query: ROLLBACK;
[16.08.2011 16:48:47] PgsqlDatasource: Shut down connection to devel datasource
[16.08.2011 16:48:47] PgsqlDatasource: Connecting to datasource postgres@database1.stand
[16.08.2011 16:48:47] PgsqlDatasource: Running query: select * from "pages" where id = 1
[16.08.2011 16:48:47] PgsqlDatasource: Running query: ROLLBACK;
[16.08.2011 16:48:47] PgsqlDatasource: Shut down connection to devel datasource
[16.08.2011 17:00:28] PgsqlDatasource: Connecting to datasource postgres@database1.stand
[16.08.2011 17:00:28] PgsqlDatasource: Running query: select * from "pages" where id = 1
[16.08.2011 17:00:28] PgsqlDatasource: Running query: ROLLBACK;
[16.08.2011 17:00:28] PgsqlDatasource: Shut down connection to devel datasource
[16.08.2011 17:01:22] PgsqlDatasource: Connecting to datasource postgres@database1.stand
[16.08.2011 17:01:22] PgsqlDatasource: Running query: select * from "pages" where id = 1
[16.08.2011 17:01:22] PgsqlDatasource: Running query: ROLLBACK;
[16.08.2011 17:01:22] PgsqlDatasource: Shut down connection to devel datasource
[16.08.2011 17:01:51] PgsqlDatasource: Connecting to datasource postgres@database1.stand
[16.08.2011 17:01:51] PgsqlDatasource: Running query: select * from "pages" where id = 1
[16.08.2011 17:01:51] PgsqlDatasource: Running query: ROLLBACK;
[16.08.2011 17:01:51] PgsqlDatasource: Shut down connection to devel datasource
[16.08.2011 17:02:27] PgsqlDatasource: Connecting to datasource postgres@database1.stand
[16.08.2011 17:02:27] PgsqlDatasource: Running query: select * from "pages" where id = 1
[16.08.2011 17:02:27] PgsqlDatasource: Running query: ROLLBACK;
[16.08.2011 17:02:27] PgsqlDatasource: Shut down connection to devel datasource
[16.08.2011 17:02:38] PgsqlDatasource: Connecting to datasource postgres@database1.stand
[16.08.2011 17:02:38] PgsqlDatasource: Running query: select * from "pages" where id = 1
[16.08.2011 17:02:38] PgsqlDatasource: Running query: ROLLBACK;
[16.08.2011 17:02:38] PgsqlDatasource: Shut down connection to devel datasource
[16.08.2011 17:03:35] PgsqlDatasource: Connecting to datasource postgres@database1.stand
[16.08.2011 17:03:36] PgsqlDatasource: Running query: select * from "pages" where id = 1
[16.08.2011 17:03:36] PgsqlDatasource: Running query: ROLLBACK;
[16.08.2011 17:03:36] PgsqlDatasource: Shut down connection to devel datasource
[16.08.2011 17:15:41] PgsqlDatasource: Connecting to datasource postgres@database1.stand
[16.08.2011 17:15:41] PgsqlDatasource: Connecting to datasource postgres@database1.stand
[16.08.2011 17:15:41] PgsqlDatasource: Connecting to datasource postgres@database1.stand
[16.08.2011 17:15:41] PgsqlDatasource: Running query: select * from "pages" where id = 1
[16.08.2011 17:15:41] PgsqlDatasource: Connecting to datasource postgres@database1.stand
[16.08.2011 17:15:41] PgsqlDatasource: Running query: ROLLBACK;
[16.08.2011 17:15:41] PgsqlDatasource: Connecting to datasource postgres@database1.stand
[16.08.2011 17:15:41] PgsqlDatasource: Running query: select * from "pages" where id = 1
[16.08.2011 17:15:41] PgsqlDatasource: Shut down connection to devel datasource
[16.08.2011 17:15:41] PgsqlDatasource: Running query: ROLLBACK;
[16.08.2011 17:15:41] PgsqlDatasource: Shut down connection to devel datasource
[16.08.2011 17:15:41] PgsqlDatasource: Running query: select * from "pages" where id = 1
[16.08.2011 17:15:41] PgsqlDatasource: Running query: select * from "pages" where id = 1
[16.08.2011 17:15:41] PgsqlDatasource: Running query: select * from "pages" where id = 1
[16.08.2011 17:15:41] PgsqlDatasource: Running query: ROLLBACK;
[16.08.2011 17:15:41] PgsqlDatasource: Running query: ROLLBACK;
[16.08.2011 17:15:41] PgsqlDatasource: Shut down connection to devel datasource
[16.08.2011 17:15:41] PgsqlDatasource: Shut down connection to devel datasource
[16.08.2011 17:15:41] PgsqlDatasource: Running query: ROLLBACK;
[16.08.2011 17:15:41] PgsqlDatasource: Shut down connection to devel datasource
[16.08.2011 17:16:04] PgsqlDatasource: Connecting to datasource postgres@database1.stand
[16.08.2011 17:16:04] PgsqlDatasource: Running query: select * from "pages" where id = 1
[16.08.2011 17:16:04] PgsqlDatasource: Running query: ROLLBACK;
[16.08.2011 17:16:04] PgsqlDatasource: Shut down connection to devel datasource
[16.08.2011 17:16:15] PgsqlDatasource: Connecting to datasource postgres@database1.stand
[16.08.2011 17:16:15] PgsqlDatasource: Running query: select * from "pages" where id = 1
[16.08.2011 17:16:15] PgsqlDatasource: Running query: ROLLBACK;
[16.08.2011 17:16:15] PgsqlDatasource: Shut down connection to devel datasource
[16.08.2011 17:16:26] PgsqlDatasource: Connecting to datasource postgres@database1.stand
[16.08.2011 17:16:26] PgsqlDatasource: Connecting to datasource postgres@database1.stand
[16.08.2011 17:16:26] PgsqlDatasource: Running query: select * from "pages" where id = 1
[16.08.2011 17:16:26] PgsqlDatasource: Connecting to datasource postgres@database1.stand
[16.08.2011 17:16:26] PgsqlDatasource: Running query: ROLLBACK;
[16.08.2011 17:16:26] PgsqlDatasource: Shut down connection to devel datasource
[16.08.2011 17:16:26] PgsqlDatasource: Running query: select * from "pages" where id = 1
[16.08.2011 17:16:26] PgsqlDatasource: Running query: select * from "pages" where id = 1
[16.08.2011 17:16:26] PgsqlDatasource: Running query: ROLLBACK;
[16.08.2011 17:16:26] PgsqlDatasource: Running query: ROLLBACK;
[16.08.2011 17:16:26] PgsqlDatasource: Shut down connection to devel datasource
[16.08.2011 17:16:26] PgsqlDatasource: Shut down connection to devel datasource
[16.08.2011 17:16:37] PgsqlDatasource: Connecting to datasource postgres@database1.stand
[16.08.2011 17:16:37] PgsqlDatasource: Running query: select * from "pages" where id = 1
[16.08.2011 17:16:37] PgsqlDatasource: Running query: ROLLBACK;
[16.08.2011 17:16:37] PgsqlDatasource: Shut down connection to devel datasource
[16.08.2011 17:47:48] PgsqlDatasource: Connecting to datasource postgres@database1.stand
[16.08.2011 17:47:48] PgsqlDatasource: Running query: select * from "pages" where id = 1
[16.08.2011 17:47:48] PgsqlDatasource: Running query: ROLLBACK;
[16.08.2011 17:47:48] PgsqlDatasource: Shut down connection to devel datasource
[16.08.2011 17:49:03] PgsqlDatasource: Connecting to datasource postgres@database1.stand
[16.08.2011 17:49:03] PgsqlDatasource: Running query: select * from "pages" where id = 1
[16.08.2011 17:49:03] PgsqlDatasource: Running query: ROLLBACK;
[16.08.2011 17:49:03] PgsqlDatasource: Shut down connection to devel datasource
[16.08.2011 17:49:14] PgsqlDatasource: Connecting to datasource postgres@database1.stand
[16.08.2011 17:49:14] PgsqlDatasource: Running query: select * from "pages" where id = 1
[16.08.2011 17:49:14] PgsqlDatasource: Running query: ROLLBACK;
[16.08.2011 17:49:14] PgsqlDatasource: Shut down connection to devel datasource
[16.08.2011 17:52:03] PgsqlDatasource: Connecting to datasource postgres@database1.stand
[16.08.2011 17:52:03] PgsqlDatasource: Running query: select * from "pages" where id = 1
[16.08.2011 17:52:03] PgsqlDatasource: Running query: ROLLBACK;
[16.08.2011 17:52:03] PgsqlDatasource: Shut down connection to devel datasource
[16.08.2011 17:53:02] PgsqlDatasource: Connecting to datasource postgres@database1.stand
[16.08.2011 17:53:02] PgsqlDatasource: Running query: select * from "pages" where id = 1
[16.08.2011 17:53:02] PgsqlDatasource: Running query: ROLLBACK;
[16.08.2011 17:53:02] PgsqlDatasource: Shut down connection to devel datasource
[16.08.2011 18:00:21] PgsqlDatasource: Connecting to datasource postgres@database1.stand
[16.08.2011 18:00:21] PgsqlDatasource: Running query: select * from "pages" where id = 1
[16.08.2011 18:00:21] PgsqlDatasource: Running query: ROLLBACK;
[16.08.2011 18:00:21] PgsqlDatasource: Shut down connection to devel datasource
[16.08.2011 18:44:28] PgsqlDatasource: Connecting to datasource postgres@database1.stand
[16.08.2011 18:44:29] PgsqlDatasource: Connecting to datasource postgres@database1.stand
[17.08.2011 09:56:17] PgsqlDatasource: Running query: select * from "pages" where id = 1
[17.08.2011 09:56:17] PgsqlDatasource: Running query: ROLLBACK;
[17.08.2011 09:56:17] PgsqlDatasource: Shut down connection to devel datasource
[17.08.2011 09:56:18] PgsqlDatasource: Running query: select * from "pages" where id = 1
[17.08.2011 09:56:18] PgsqlDatasource: Running query: ROLLBACK;
[17.08.2011 09:56:18] PgsqlDatasource: Shut down connection to devel datasource
[17.08.2011 09:56:37] PgsqlDatasource: Connecting to datasource postgres@database1.stand
[17.08.2011 09:56:37] PgsqlDatasource: Running query: select * from "pages" where id = 1
[17.08.2011 09:56:37] PgsqlDatasource: Running query: ROLLBACK;
[17.08.2011 09:56:37] PgsqlDatasource: Shut down connection to devel datasource
[17.08.2011 09:58:52] PgsqlDatasource: Connecting to datasource postgres@database1.stand
[17.08.2011 09:58:52] PgsqlDatasource: Running query: select * from "pages" where id = 1
[17.08.2011 09:58:54] PgsqlDatasource: Connecting to datasource postgres@database1.stand
[17.08.2011 09:58:54] PgsqlDatasource: Running query: select * from "pages" where id = 1
[17.08.2011 09:58:55] PgsqlDatasource: Connecting to datasource postgres@database1.stand
[17.08.2011 09:58:55] PgsqlDatasource: Running query: select * from "pages" where id = 1
[17.08.2011 09:59:20] PgsqlDatasource: Connecting to datasource postgres@database1.stand
[17.08.2011 09:59:20] PgsqlDatasource: Running query: select * from "pages" where id = 1
[17.08.2011 09:59:20] PgsqlDatasource: Running query: ROLLBACK;
[17.08.2011 09:59:20] PgsqlDatasource: Shut down connection to devel datasource
[17.08.2011 10:01:33] PgsqlDatasource: Connecting to datasource postgres@database1.stand
[17.08.2011 10:01:33] PgsqlDatasource: Running query: select * from "pages" where id = 1
[17.08.2011 10:01:33] PgsqlDatasource: Running query: ROLLBACK;
[17.08.2011 10:01:33] PgsqlDatasource: Shut down connection to devel datasource
[17.08.2011 12:54:40] PgsqlDatasource: Connecting to datasource postgres@database1.stand
[17.08.2011 12:54:40] PgsqlDatasource: Running query: select * from "pages" where 1=1
[17.08.2011 12:54:40] PgsqlDatasource: Running query: ROLLBACK;
[17.08.2011 12:54:40] PgsqlDatasource: Shut down connection to devel datasource
[17.08.2011 12:54:46] PgsqlDatasource: Connecting to datasource postgres@database1.stand
[17.08.2011 12:54:46] PgsqlDatasource: Running query: select * from "pages" where id = 2
[17.08.2011 12:54:46] PgsqlDatasource: Running query: ROLLBACK;
[17.08.2011 12:54:46] PgsqlDatasource: Shut down connection to devel datasource
[17.08.2011 12:54:48] PgsqlDatasource: Connecting to datasource postgres@database1.stand
[17.08.2011 12:54:48] PgsqlDatasource: Running query: select * from "pages" where id = 1
[17.08.2011 12:54:48] PgsqlDatasource: Running query: ROLLBACK;
[17.08.2011 12:54:48] PgsqlDatasource: Shut down connection to devel datasource
[17.08.2011 12:54:51] PgsqlDatasource: Connecting to datasource postgres@database1.stand
[17.08.2011 12:54:51] PgsqlDatasource: Running query: select * from "pages" where 1=1
[17.08.2011 12:54:51] PgsqlDatasource: Running query: ROLLBACK;
[17.08.2011 12:54:51] PgsqlDatasource: Shut down connection to devel datasource
[17.08.2011 12:55:01] PgsqlDatasource: Connecting to datasource postgres@database1.stand
[17.08.2011 12:55:01] PgsqlDatasource: Running query: select * from "pages" where id = 2
[17.08.2011 12:55:01] PgsqlDatasource: Running query: ROLLBACK;
[17.08.2011 12:55:01] PgsqlDatasource: Shut down connection to devel datasource
[17.08.2011 13:43:41] PgsqlDatasource: Connecting to datasource postgres@database1.stand
[17.08.2011 13:43:41] PgsqlDatasource: Running query: select * from "pages" where id = 2
[17.08.2011 13:43:41] PgsqlDatasource: Running query: ROLLBACK;
[17.08.2011 13:43:41] PgsqlDatasource: Shut down connection to devel datasource
[17.08.2011 17:08:15] PgsqlDatasource: Connecting to datasource postgres@database1.stand
[17.08.2011 17:08:15] PgsqlDatasource: Running query: select * from "pages" where id = 2
[17.08.2011 17:08:15] PgsqlDatasource: Running query: ROLLBACK;
[17.08.2011 17:08:15] PgsqlDatasource: Shut down connection to devel datasource
[17.08.2011 17:08:27] PgsqlDatasource: Connecting to datasource postgres@database1.stand
[17.08.2011 17:08:27] PgsqlDatasource: Running query: select * from "pages" where 1=1
[17.08.2011 17:08:27] PgsqlDatasource: Running query: ROLLBACK;
[17.08.2011 17:08:27] PgsqlDatasource: Shut down connection to devel datasource
[17.08.2011 17:08:28] PgsqlDatasource: Connecting to datasource postgres@database1.stand
[17.08.2011 17:08:28] PgsqlDatasource: Running query: select * from "pages" where id = 2
[17.08.2011 17:08:28] PgsqlDatasource: Running query: ROLLBACK;
[17.08.2011 17:08:28] PgsqlDatasource: Shut down connection to devel datasource
[17.08.2011 17:08:30] PgsqlDatasource: Connecting to datasource postgres@database1.stand
[17.08.2011 17:08:30] PgsqlDatasource: Running query: select * from "pages" where id = 1
[17.08.2011 17:08:30] PgsqlDatasource: Running query: ROLLBACK;
[17.08.2011 17:08:30] PgsqlDatasource: Shut down connection to devel datasource
[17.08.2011 17:56:44] PgsqlDatasource: Connecting to datasource postgres@database1.stand
[17.08.2011 17:56:44] PgsqlDatasource: Running query: select * from "pages" where id = 1
[17.08.2011 17:56:44] PgsqlDatasource: Running query: ROLLBACK;
[17.08.2011 17:56:44] PgsqlDatasource: Shut down connection to devel datasource
[17.08.2011 17:56:46] PgsqlDatasource: Connecting to datasource postgres@database1.stand
[17.08.2011 17:56:46] PgsqlDatasource: Running query: select * from "pages" where 1=1
[17.08.2011 17:56:46] PgsqlDatasource: Running query: ROLLBACK;
[17.08.2011 17:56:46] PgsqlDatasource: Shut down connection to devel datasource
[17.08.2011 17:56:47] PgsqlDatasource: Connecting to datasource postgres@database1.stand
[17.08.2011 17:56:47] PgsqlDatasource: Running query: select * from "pages" where id = 2
[17.08.2011 17:56:47] PgsqlDatasource: Running query: ROLLBACK;
[17.08.2011 17:56:47] PgsqlDatasource: Shut down connection to devel datasource
[17.08.2011 18:14:44] PgsqlDatasource: Connecting to datasource postgres@database1.stand
[17.08.2011 18:14:44] PgsqlDatasource: Running query: select * from "pages" where id = 1
[17.08.2011 18:14:44] PgsqlDatasource: Running query: ROLLBACK;
[17.08.2011 18:14:44] PgsqlDatasource: Shut down connection to devel datasource
[17.08.2011 18:18:20] PgsqlDatasource: Connecting to datasource postgres@database1.stand
[17.08.2011 18:18:20] PgsqlDatasource: Running query: select * from "pages" where id = 1
[17.08.2011 18:18:20] PgsqlDatasource: Running query: ROLLBACK;
[17.08.2011 18:18:20] PgsqlDatasource: Shut down connection to devel datasource
[17.08.2011 18:21:05] PgsqlDatasource: Connecting to datasource postgres@database1.stand
[17.08.2011 18:21:06] PgsqlDatasource: Running query: select * from "pages" where 1=1
[17.08.2011 18:21:06] PgsqlDatasource: Running query: ROLLBACK;
[17.08.2011 18:21:06] PgsqlDatasource: Shut down connection to devel datasource
[17.08.2011 18:21:07] PgsqlDatasource: Connecting to datasource postgres@database1.stand
[17.08.2011 18:21:07] PgsqlDatasource: Running query: select * from "pages" where id = 1
[17.08.2011 18:21:07] PgsqlDatasource: Running query: ROLLBACK;
[17.08.2011 18:21:07] PgsqlDatasource: Shut down connection to devel datasource
[17.08.2011 18:21:08] PgsqlDatasource: Connecting to datasource postgres@database1.stand
[17.08.2011 18:21:08] PgsqlDatasource: Running query: select * from "pages" where id = 2
[17.08.2011 18:21:08] PgsqlDatasource: Running query: ROLLBACK;
[17.08.2011 18:21:08] PgsqlDatasource: Shut down connection to devel datasource
[17.08.2011 18:38:02] PgsqlDatasource: Connecting to datasource postgres@database1.stand
[17.08.2011 18:38:02] PgsqlDatasource: Running query: select * from "pages" where 1=1
[17.08.2011 18:38:02] PgsqlDatasource: Running query: ROLLBACK;
[17.08.2011 18:38:02] PgsqlDatasource: Shut down connection to devel datasource
[17.08.2011 18:38:03] PgsqlDatasource: Connecting to datasource postgres@database1.stand
[17.08.2011 18:38:03] PgsqlDatasource: Running query: select * from "pages" where id = 2
[17.08.2011 18:38:03] PgsqlDatasource: Running query: ROLLBACK;
[17.08.2011 18:38:03] PgsqlDatasource: Shut down connection to devel datasource
[17.08.2011 18:42:38] PgsqlDatasource: Connecting to datasource postgres@database1.stand
[17.08.2011 18:42:38] PgsqlDatasource: Running query: select * from "pages" where 1=1
[17.08.2011 18:42:38] PgsqlDatasource: Running query: ROLLBACK;
[17.08.2011 18:42:38] PgsqlDatasource: Shut down connection to devel datasource
[17.08.2011 19:35:41] PgsqlDatasource: Connecting to datasource postgres@database1.stand
[17.08.2011 19:35:41] PgsqlDatasource: Running query: select * from "pages" where 1=1
[17.08.2011 19:35:41] PgsqlDatasource: Running query: ROLLBACK;
[17.08.2011 19:35:41] PgsqlDatasource: Shut down connection to devel datasource
[17.08.2011 19:35:42] PgsqlDatasource: Connecting to datasource postgres@database1.stand
[17.08.2011 19:35:42] PgsqlDatasource: Running query: select * from "pages" where id = 2
[17.08.2011 19:35:42] PgsqlDatasource: Running query: ROLLBACK;
[17.08.2011 19:35:42] PgsqlDatasource: Shut down connection to devel datasource
[17.08.2011 19:35:44] PgsqlDatasource: Connecting to datasource postgres@database1.stand
[17.08.2011 19:35:44] PgsqlDatasource: Running query: select * from "pages" where id = 1
[17.08.2011 19:35:44] PgsqlDatasource: Running query: ROLLBACK;
[17.08.2011 19:35:44] PgsqlDatasource: Shut down connection to devel datasource
[17.08.2011 20:37:59] PgsqlDatasource: Connecting to datasource postgres@database1.stand
[17.08.2011 20:37:59] PgsqlDatasource: Running query: select * from "pages" where 1=1
[17.08.2011 20:37:59] PgsqlDatasource: Running query: ROLLBACK;
[17.08.2011 20:37:59] PgsqlDatasource: Shut down connection to devel datasource
[17.08.2011 20:38:00] PgsqlDatasource: Connecting to datasource postgres@database1.stand
[17.08.2011 20:38:00] PgsqlDatasource: Running query: select * from "pages" where id = 1
[17.08.2011 20:38:00] PgsqlDatasource: Running query: ROLLBACK;
[17.08.2011 20:38:00] PgsqlDatasource: Shut down connection to devel datasource
[17.08.2011 21:26:21] PgsqlDatasource: Connecting to datasource postgres@database1.stand
[17.08.2011 21:26:21] PgsqlDatasource: Running query: select * from "pages" where 1=1
[17.08.2011 21:26:21] PgsqlDatasource: Running query: ROLLBACK;
[17.08.2011 21:26:21] PgsqlDatasource: Shut down connection to devel datasource
[17.08.2011 21:26:22] PgsqlDatasource: Connecting to datasource postgres@database1.stand
[17.08.2011 21:26:22] PgsqlDatasource: Running query: select * from "pages" where id = 2
[17.08.2011 21:26:22] PgsqlDatasource: Running query: ROLLBACK;
[17.08.2011 21:26:22] PgsqlDatasource: Shut down connection to devel datasource
[17.08.2011 21:26:24] PgsqlDatasource: Connecting to datasource postgres@database1.stand
[17.08.2011 21:26:24] PgsqlDatasource: Running query: select * from "pages" where id = 1
[17.08.2011 21:26:24] PgsqlDatasource: Running query: ROLLBACK;
[17.08.2011 21:26:24] PgsqlDatasource: Shut down connection to devel datasource
[17.08.2011 21:27:38] PgsqlDatasource: Connecting to datasource postgres@database1.stand
[17.08.2011 21:27:39] PgsqlDatasource: Running query: select * from "pages" where 1=1
[17.08.2011 21:27:39] PgsqlDatasource: Running query: ROLLBACK;
[17.08.2011 21:27:39] PgsqlDatasource: Shut down connection to devel datasource
[17.08.2011 22:52:34] PgsqlDatasource: Connecting to datasource postgres@database1.stand
[17.08.2011 22:52:34] PgsqlDatasource: Running query: select * from "pages" where 1=1
[17.08.2011 22:52:34] PgsqlDatasource: Running query: ROLLBACK;
[17.08.2011 22:52:34] PgsqlDatasource: Shut down connection to devel datasource
[17.08.2011 23:37:09] PgsqlDatasource: Connecting to datasource postgres@database1.stand
[17.08.2011 23:37:09] PgsqlDatasource: Running query: select * from "pages" where 1=1
[17.08.2011 23:37:09] PgsqlDatasource: Running query: ROLLBACK;
[17.08.2011 23:37:09] PgsqlDatasource: Shut down connection to devel datasource
[20.08.2011 12:28:41] PgsqlDatasource: Connecting to datasource postgres@database1.stand
[20.08.2011 12:28:42] PgsqlDatasource: Running query: select * from "pages" where id = 2
[20.08.2011 12:28:42] PgsqlDatasource: Running query: ROLLBACK;
[20.08.2011 12:28:42] PgsqlDatasource: Shut down connection to devel datasource
[20.08.2011 12:28:44] PgsqlDatasource: Connecting to datasource postgres@database1.stand
[20.08.2011 12:28:44] PgsqlDatasource: Running query: select * from "pages" where 1=1
[20.08.2011 12:28:44] PgsqlDatasource: Running query: ROLLBACK;
[20.08.2011 12:28:44] PgsqlDatasource: Shut down connection to devel datasource
[20.08.2011 13:09:39] PgsqlDatasource: Connecting to datasource postgres@database1.stand
[20.08.2011 13:09:39] PgsqlDatasource: Running query: select * from "pages" where 1=1
[20.08.2011 13:09:39] PgsqlDatasource: Running query: ROLLBACK;
[20.08.2011 13:09:39] PgsqlDatasource: Shut down connection to devel datasource
[20.08.2011 13:09:40] PgsqlDatasource: Connecting to datasource postgres@database1.stand
[20.08.2011 13:09:40] PgsqlDatasource: Running query: select * from "pages" where id = 2
[20.08.2011 13:09:40] PgsqlDatasource: Running query: ROLLBACK;
[20.08.2011 13:09:40] PgsqlDatasource: Shut down connection to devel datasource
[20.08.2011 13:09:42] PgsqlDatasource: Connecting to datasource postgres@database1.stand
[20.08.2011 13:09:42] PgsqlDatasource: Running query: select * from "pages" where id = 1
[20.08.2011 13:09:42] PgsqlDatasource: Running query: ROLLBACK;
[20.08.2011 13:09:42] PgsqlDatasource: Shut down connection to devel datasource
[21.08.2011 14:01:05] PgsqlDatasource: Connecting to datasource postgres@database1.stand
[21.08.2011 14:01:05] PgsqlDatasource: Running query: select * from "pages" where id = 2
[21.08.2011 14:01:05] PgsqlDatasource: Running query: ROLLBACK;
[21.08.2011 14:01:05] PgsqlDatasource: Shut down connection to devel datasource
[21.08.2011 14:02:37] PgsqlDatasource: Connecting to datasource postgres@database1.stand
[21.08.2011 14:02:37] PgsqlDatasource: Running query: select * from "pages" where 1=1
[21.08.2011 14:02:37] PgsqlDatasource: Running query: ROLLBACK;
[21.08.2011 14:02:37] PgsqlDatasource: Shut down connection to devel datasource
[21.08.2011 14:02:39] PgsqlDatasource: Connecting to datasource postgres@database1.stand
[21.08.2011 14:02:39] PgsqlDatasource: Running query: select * from "pages" where id = 2
[21.08.2011 14:02:39] PgsqlDatasource: Running query: ROLLBACK;
[21.08.2011 14:02:39] PgsqlDatasource: Shut down connection to devel datasource
[21.08.2011 14:02:40] PgsqlDatasource: Connecting to datasource postgres@database1.stand
[21.08.2011 14:02:40] PgsqlDatasource: Running query: select * from "pages" where id = 1
[21.08.2011 14:02:40] PgsqlDatasource: Running query: ROLLBACK;
[21.08.2011 14:02:40] PgsqlDatasource: Shut down connection to devel datasource
[21.08.2011 14:17:37] PgsqlDatasource: Connecting to datasource postgres@database1.stand
[21.08.2011 14:17:37] PgsqlDatasource: Running query: select * from "pages" where id = 1
[21.08.2011 14:17:37] PgsqlDatasource: Running query: ROLLBACK;
[21.08.2011 14:17:37] PgsqlDatasource: Shut down connection to devel datasource
[21.08.2011 14:17:39] PgsqlDatasource: Connecting to datasource postgres@database1.stand
[21.08.2011 14:17:39] PgsqlDatasource: Running query: select * from "pages" where 1=1
[21.08.2011 14:17:39] PgsqlDatasource: Running query: ROLLBACK;
[21.08.2011 14:17:39] PgsqlDatasource: Shut down connection to devel datasource
[21.08.2011 14:19:32] PgsqlDatasource: Connecting to datasource postgres@database1.stand
[21.08.2011 14:19:32] PgsqlDatasource: Running query: select * from "pages" where 1=1
[21.08.2011 14:19:32] PgsqlDatasource: Running query: ROLLBACK;
[21.08.2011 14:19:32] PgsqlDatasource: Shut down connection to devel datasource
[21.08.2011 14:20:06] PgsqlDatasource: Connecting to datasource postgres@database1.stand
[21.08.2011 14:20:06] PgsqlDatasource: Running query: select * from "pages" where 1=1
[21.08.2011 14:20:06] PgsqlDatasource: Running query: ROLLBACK;
[21.08.2011 14:20:06] PgsqlDatasource: Shut down connection to devel datasource
[21.08.2011 14:20:07] PgsqlDatasource: Connecting to datasource postgres@database1.stand
[21.08.2011 14:20:07] PgsqlDatasource: Running query: select * from "pages" where id = 3
[21.08.2011 14:20:07] PgsqlDatasource: Running query: ROLLBACK;
[21.08.2011 14:20:07] PgsqlDatasource: Shut down connection to devel datasource
[21.08.2011 14:20:12] PgsqlDatasource: Connecting to datasource postgres@database1.stand
[21.08.2011 14:20:12] PgsqlDatasource: Running query: select * from "pages" where id = 1
[21.08.2011 14:20:12] PgsqlDatasource: Running query: ROLLBACK;
[21.08.2011 14:20:12] PgsqlDatasource: Shut down connection to devel datasource
[21.08.2011 14:20:14] PgsqlDatasource: Connecting to datasource postgres@database1.stand
[21.08.2011 14:20:14] PgsqlDatasource: Running query: select * from "pages" where id = 2
[21.08.2011 14:20:14] PgsqlDatasource: Running query: ROLLBACK;
[21.08.2011 14:20:14] PgsqlDatasource: Shut down connection to devel datasource
[21.08.2011 14:20:18] PgsqlDatasource: Connecting to datasource postgres@database1.stand
[21.08.2011 14:20:18] PgsqlDatasource: Running query: select * from "pages" where 1=1
[21.08.2011 14:20:18] PgsqlDatasource: Running query: ROLLBACK;
[21.08.2011 14:20:18] PgsqlDatasource: Shut down connection to devel datasource
[21.08.2011 14:27:41] PgsqlDatasource: Connecting to datasource postgres@database1.stand
[21.08.2011 14:27:41] PgsqlDatasource: Running query: select * from "pages" where 1=1
[21.08.2011 14:27:41] PgsqlDatasource: Running query: ROLLBACK;
[21.08.2011 14:27:41] PgsqlDatasource: Shut down connection to devel datasource
[21.08.2011 14:30:29] PgsqlDatasource: Connecting to datasource postgres@database1.stand
[21.08.2011 14:30:29] PgsqlDatasource: Running query: select * from "pages" where 1=1
[21.08.2011 14:30:30] PgsqlDatasource: Running query: ROLLBACK;
[21.08.2011 14:30:30] PgsqlDatasource: Shut down connection to devel datasource
[21.08.2011 14:42:34] PgsqlDatasource: Connecting to datasource postgres@database1.stand
[21.08.2011 14:42:34] PgsqlDatasource: Running query: select * from "pages" where 1=1
[21.08.2011 14:42:34] PgsqlDatasource: Running query: ROLLBACK;
[21.08.2011 14:42:34] PgsqlDatasource: Shut down connection to devel datasource
[21.08.2011 17:15:12] PgsqlDatasource: Connecting to datasource postgres@database1.stand
[21.08.2011 17:15:12] PgsqlDatasource: Running query: select * from "pages" where 1=1
[21.08.2011 17:15:12] PgsqlDatasource: Running query: ROLLBACK;
[21.08.2011 17:15:12] PgsqlDatasource: Shut down connection to devel datasource
[21.08.2011 18:38:47] PgsqlDatasource: Connecting to datasource postgres@database1.stand
[21.08.2011 18:38:47] PgsqlDatasource: Running query: select * from "pages" where 1=1
[21.08.2011 18:38:47] PgsqlDatasource: Running query: ROLLBACK;
[21.08.2011 18:38:47] PgsqlDatasource: Shut down connection to devel datasource
[21.08.2011 19:18:33] PgsqlDatasource: Connecting to datasource postgres@database1.stand
[21.08.2011 19:18:33] PgsqlDatasource: Running query: select * from "pages" where 1=1
[21.08.2011 19:18:33] PgsqlDatasource: Running query: ROLLBACK;
[21.08.2011 19:18:33] PgsqlDatasource: Shut down connection to devel datasource
[21.08.2011 19:29:19] PgsqlDatasource: Connecting to datasource postgres@database1.stand
[21.08.2011 19:29:20] PgsqlDatasource: Connecting to datasource postgres@database1.stand
[21.08.2011 19:29:21] PgsqlDatasource: Connecting to datasource postgres@database1.stand
[21.08.2011 19:29:21] PgsqlDatasource: Connecting to datasource postgres@database1.stand
[21.08.2011 19:29:22] PgsqlDatasource: Connecting to datasource postgres@database1.stand
[21.08.2011 19:29:22] PgsqlDatasource: Connecting to datasource postgres@database1.stand
[21.08.2011 19:29:22] PgsqlDatasource: Connecting to datasource postgres@database1.stand
[21.08.2011 19:29:24] PgsqlDatasource: Connecting to datasource postgres@database1.stand
[21.08.2011 19:30:13] PgsqlDatasource: Connecting to datasource postgres@database1.stand
[21.08.2011 19:30:13] PgsqlDatasource: Running query: select * from "pages" where 1=1
[21.08.2011 19:30:13] PgsqlDatasource: Running query: ROLLBACK;
[21.08.2011 19:30:13] PgsqlDatasource: Shut down connection to devel datasource
[21.08.2011 19:30:15] PgsqlDatasource: Connecting to datasource postgres@database1.stand
[21.08.2011 19:30:15] PgsqlDatasource: Running query: select * from "pages" where id = 2
[21.08.2011 19:30:15] PgsqlDatasource: Running query: ROLLBACK;
[21.08.2011 19:30:15] PgsqlDatasource: Shut down connection to devel datasource
[21.08.2011 19:30:17] PgsqlDatasource: Connecting to datasource postgres@database1.stand
[21.08.2011 19:30:17] PgsqlDatasource: Running query: select * from "pages" where id = 1
[21.08.2011 19:30:17] PgsqlDatasource: Running query: ROLLBACK;
[21.08.2011 19:30:17] PgsqlDatasource: Shut down connection to devel datasource
[21.08.2011 19:30:19] PgsqlDatasource: Connecting to datasource postgres@database1.stand
[21.08.2011 19:30:19] PgsqlDatasource: Running query: select * from "pages" where id = 3
[21.08.2011 19:30:19] PgsqlDatasource: Running query: ROLLBACK;
[21.08.2011 19:30:19] PgsqlDatasource: Shut down connection to devel datasource
[21.08.2011 19:30:24] PgsqlDatasource: Connecting to datasource postgres@database1.stand
[21.08.2011 19:30:25] PgsqlDatasource: Running query: select * from "pages" where 1=1
[21.08.2011 19:30:25] PgsqlDatasource: Running query: ROLLBACK;
[21.08.2011 19:30:25] PgsqlDatasource: Shut down connection to devel datasource
[21.08.2011 19:30:26] PgsqlDatasource: Connecting to datasource postgres@database1.stand
[21.08.2011 19:30:26] PgsqlDatasource: Running query: select * from "pages" where id = 2
[21.08.2011 19:30:26] PgsqlDatasource: Running query: ROLLBACK;
[21.08.2011 19:30:26] PgsqlDatasource: Shut down connection to devel datasource
[21.08.2011 19:30:34] PgsqlDatasource: Running query: select * from "pages" where 1=1
[21.08.2011 19:30:34] PgsqlDatasource: Running query: ROLLBACK;
[21.08.2011 19:30:34] PgsqlDatasource: Shut down connection to devel datasource
[21.08.2011 19:30:35] PgsqlDatasource: Running query: select * from "pages" where id = 1
[21.08.2011 19:30:35] PgsqlDatasource: Running query: ROLLBACK;
[21.08.2011 19:30:35] PgsqlDatasource: Shut down connection to devel datasource
[21.08.2011 19:30:36] PgsqlDatasource: Running query: select * from "pages" where id = 2
[21.08.2011 19:30:36] PgsqlDatasource: Running query: ROLLBACK;
[21.08.2011 19:30:36] PgsqlDatasource: Shut down connection to devel datasource
[21.08.2011 19:30:36] PgsqlDatasource: Running query: select * from "pages" where id = 3
[21.08.2011 19:30:36] PgsqlDatasource: Running query: ROLLBACK;
[21.08.2011 19:30:36] PgsqlDatasource: Shut down connection to devel datasource
[21.08.2011 19:30:37] PgsqlDatasource: Running query: select * from "pages" where id = 3
[21.08.2011 19:30:37] PgsqlDatasource: Running query: ROLLBACK;
[21.08.2011 19:30:37] PgsqlDatasource: Shut down connection to devel datasource
[21.08.2011 19:30:37] PgsqlDatasource: Running query: select * from "pages" where id = 3
[21.08.2011 19:30:37] PgsqlDatasource: Running query: ROLLBACK;
[21.08.2011 19:30:37] PgsqlDatasource: Shut down connection to devel datasource
[21.08.2011 19:30:37] PgsqlDatasource: Running query: select * from "pages" where id = 3
[21.08.2011 19:30:37] PgsqlDatasource: Running query: ROLLBACK;
[21.08.2011 19:30:37] PgsqlDatasource: Shut down connection to devel datasource
[21.08.2011 19:30:39] PgsqlDatasource: Running query: select * from "pages" where 1=1
[21.08.2011 19:30:39] PgsqlDatasource: Running query: ROLLBACK;
[21.08.2011 19:30:39] PgsqlDatasource: Shut down connection to devel datasource
[21.08.2011 19:31:32] PgsqlDatasource: Connecting to datasource postgres@database1.stand
[21.08.2011 19:31:32] PgsqlDatasource: Running query: select * from "pages" where 1=1
[21.08.2011 19:31:32] PgsqlDatasource: Running query: ROLLBACK;
[21.08.2011 19:31:32] PgsqlDatasource: Shut down connection to devel datasource
[22.08.2011 00:11:11] PgsqlDatasource: Connecting to datasource postgres@database1.stand
[22.08.2011 00:11:11] PgsqlDatasource: Running query: select * from "pages" where 1=1
[22.08.2011 00:11:11] PgsqlDatasource: Running query: ROLLBACK;
[22.08.2011 00:11:11] PgsqlDatasource: Shut down connection to devel datasource
[25.08.2011 22:10:47] PgsqlDatasource: Connecting to datasource postgres@database1.stand
[25.08.2011 22:12:02] PgsqlDatasource: Running query: select * from "pages" where id = 2
[25.08.2011 22:12:02] PgsqlDatasource: Running query: ROLLBACK;
[25.08.2011 22:12:02] PgsqlDatasource: Shut down connection to devel datasource
[25.08.2011 22:12:48] PgsqlDatasource: Connecting to datasource postgres@database1.stand
[25.08.2011 22:12:48] PgsqlDatasource: Running query: select * from "pages" where id = 2
[25.08.2011 22:12:48] PgsqlDatasource: Running query: ROLLBACK;
[25.08.2011 22:12:48] PgsqlDatasource: Shut down connection to devel datasource
[25.08.2011 22:12:50] PgsqlDatasource: Connecting to datasource postgres@database1.stand
[25.08.2011 22:12:50] PgsqlDatasource: Running query: select * from "pages" where 1=1
[25.08.2011 22:12:50] PgsqlDatasource: Running query: ROLLBACK;
[25.08.2011 22:12:50] PgsqlDatasource: Shut down connection to devel datasource
[25.08.2011 22:12:51] PgsqlDatasource: Connecting to datasource postgres@database1.stand
[25.08.2011 22:12:51] PgsqlDatasource: Running query: select * from "pages" where id = 2
[25.08.2011 22:12:51] PgsqlDatasource: Running query: ROLLBACK;
[25.08.2011 22:12:51] PgsqlDatasource: Shut down connection to devel datasource
[25.08.2011 22:12:53] PgsqlDatasource: Connecting to datasource postgres@database1.stand
[25.08.2011 22:12:53] PgsqlDatasource: Running query: select * from "pages" where id = 3
[25.08.2011 22:12:53] PgsqlDatasource: Running query: ROLLBACK;
[25.08.2011 22:12:53] PgsqlDatasource: Shut down connection to devel datasource
[25.08.2011 22:12:56] PgsqlDatasource: Connecting to datasource postgres@database1.stand
[25.08.2011 22:12:56] PgsqlDatasource: Running query: select * from "pages" where id = 1
[25.08.2011 22:12:56] PgsqlDatasource: Running query: ROLLBACK;
[25.08.2011 22:12:56] PgsqlDatasource: Shut down connection to devel datasource
[25.08.2011 22:19:46] PgsqlDatasource: Connecting to datasource postgres@database1.stand
[25.08.2011 22:19:46] PgsqlDatasource: Running query: select * from "pages" where id = 1
[25.08.2011 22:19:46] PgsqlDatasource: Running query: ROLLBACK;
[25.08.2011 22:19:46] PgsqlDatasource: Shut down connection to devel datasource
[25.08.2011 22:19:53] PgsqlDatasource: Connecting to datasource postgres@database1.stand
[25.08.2011 22:19:53] PgsqlDatasource: Running query: select * from "pages" where id = 3
[25.08.2011 22:19:53] PgsqlDatasource: Running query: ROLLBACK;
[25.08.2011 22:19:53] PgsqlDatasource: Shut down connection to devel datasource
[25.08.2011 22:23:21] PgsqlDatasource: Connecting to datasource postgres@database1.stand
[25.08.2011 22:23:21] PgsqlDatasource: Running query: select * from "pages" where id = 3
[25.08.2011 22:23:21] PgsqlDatasource: Running query: ROLLBACK;
[25.08.2011 22:23:21] PgsqlDatasource: Shut down connection to devel datasource
[25.08.2011 22:23:24] PgsqlDatasource: Connecting to datasource postgres@database1.stand
[25.08.2011 22:23:24] PgsqlDatasource: Running query: select * from "pages" where 1=1
[25.08.2011 22:23:24] PgsqlDatasource: Running query: ROLLBACK;
[25.08.2011 22:23:24] PgsqlDatasource: Shut down connection to devel datasource
[25.08.2011 22:23:25] PgsqlDatasource: Connecting to datasource postgres@database1.stand
[25.08.2011 22:23:25] PgsqlDatasource: Running query: select * from "pages" where id = 2
[25.08.2011 22:23:25] PgsqlDatasource: Running query: ROLLBACK;
[25.08.2011 22:23:25] PgsqlDatasource: Shut down connection to devel datasource
[26.08.2011 16:45:22] PgsqlDatasource: Connecting to datasource postgres@database1.stand
[26.08.2011 16:45:22] PgsqlDatasource: Running query: select * from "pages" where 1=1
[26.08.2011 16:45:22] PgsqlDatasource: Running query: ROLLBACK;
[26.08.2011 16:45:22] PgsqlDatasource: Shut down connection to devel datasource
[26.08.2011 16:45:23] PgsqlDatasource: Connecting to datasource postgres@database1.stand
[26.08.2011 16:45:23] PgsqlDatasource: Running query: select * from "pages" where id = 3
[26.08.2011 16:45:23] PgsqlDatasource: Running query: ROLLBACK;
[26.08.2011 16:45:23] PgsqlDatasource: Shut down connection to devel datasource
[26.08.2011 16:45:26] PgsqlDatasource: Connecting to datasource postgres@database1.stand
[26.08.2011 16:45:26] PgsqlDatasource: Running query: select * from "pages" where id = 1
[26.08.2011 16:45:26] PgsqlDatasource: Running query: ROLLBACK;
[26.08.2011 16:45:26] PgsqlDatasource: Shut down connection to devel datasource
[26.08.2011 16:45:28] PgsqlDatasource: Connecting to datasource postgres@database1.stand
[26.08.2011 16:45:28] PgsqlDatasource: Running query: select * from "pages" where id = 2
[26.08.2011 16:45:28] PgsqlDatasource: Running query: ROLLBACK;
[26.08.2011 16:45:28] PgsqlDatasource: Shut down connection to devel datasource
[26.08.2011 16:49:05] PgsqlDatasource: Connecting to datasource postgres@database1.stand
[26.08.2011 16:49:05] PgsqlDatasource: Running query: select * from "pages" where id = 1
[26.08.2011 16:49:05] PgsqlDatasource: Running query: ROLLBACK;
[26.08.2011 16:49:05] PgsqlDatasource: Shut down connection to devel datasource
[26.08.2011 17:05:12] PgsqlDatasource: Connecting to datasource postgres@database1.stand
[26.08.2011 17:05:12] PgsqlDatasource: Running query: select * from "pages" where id = 1
[26.08.2011 17:05:12] PgsqlDatasource: Running query: ROLLBACK;
[26.08.2011 17:05:12] PgsqlDatasource: Shut down connection to devel datasource
